2025-10-24 17:21:55,017 - api_logger - INFO - --- Ứng dụng FastAPI bắt đầu khởi động ---
2025-10-24 17:21:55,018 - api_logger - INFO - Đã thiết lập thư viện espeak-ng thành công tại: C:\Program Files\eSpeak NG\libespeak-ng.dll
2025-10-24 17:22:15,150 - api_logger - INFO - --- Ứng dụng FastAPI bắt đầu khởi động ---
2025-10-24 17:22:15,150 - api_logger - INFO - Đã thiết lập thư viện espeak-ng thành công tại: C:\Program Files\eSpeak NG\libespeak-ng.dll
2025-10-24 17:22:23,377 - api_logger - INFO - --- Ứng dụng FastAPI bắt đầu khởi động ---
2025-10-24 17:22:23,377 - api_logger - INFO - --- Ứng dụng FastAPI bắt đầu khởi động ---
2025-10-24 17:22:23,377 - api_logger - INFO - Đã thiết lập thư viện espeak-ng thành công tại: C:\Program Files\eSpeak NG\libespeak-ng.dll
2025-10-24 17:22:23,377 - api_logger - INFO - Đã thiết lập thư viện espeak-ng thành công tại: C:\Program Files\eSpeak NG\libespeak-ng.dll
2025-10-24 17:22:30,712 - api_logger - INFO - Bắt đầu quá trình warmup...
2025-10-24 17:22:30,712 - api_logger - INFO - Bắt đầu quá trình warmup...
2025-10-24 17:22:41,690 - api_logger - INFO - Warmup thành công.
2025-10-24 17:22:41,690 - api_logger - INFO - Warmup thành công.
2025-10-24 17:23:11,030 - api_logger - INFO - Đánh giá phát âm từ 'communication' thành công. Điểm: 83.33
2025-10-24 17:23:11,030 - api_logger - INFO - Đánh giá phát âm từ 'communication' thành công. Điểm: 83.33
2025-10-24 17:23:27,412 - api_logger - INFO - Đánh giá phát âm từ 'communication' thành công. Điểm: 66.67
2025-10-24 17:23:27,412 - api_logger - INFO - Đánh giá phát âm từ 'communication' thành công. Điểm: 66.67
2025-10-24 17:23:35,424 - api_logger - INFO - Đánh giá phát âm từ 'communication' thành công. Điểm: 100.0
2025-10-24 17:23:35,424 - api_logger - INFO - Đánh giá phát âm từ 'communication' thành công. Điểm: 100.0
2025-10-24 17:23:47,190 - api_logger - INFO - Đánh giá phát âm từ 'opportunity' thành công. Điểm: 88.89
2025-10-24 17:23:47,190 - api_logger - INFO - Đánh giá phát âm từ 'opportunity' thành công. Điểm: 88.89
2025-10-24 17:24:27,197 - api_logger - INFO - Đánh giá phát âm từ 'communication' thành công. Điểm: 91.67
2025-10-24 17:24:27,197 - api_logger - INFO - Đánh giá phát âm từ 'communication' thành công. Điểm: 91.67
2025-10-24 17:24:39,507 - api_logger - INFO - Đánh giá phát âm từ 'communication' thành công. Điểm: 91.67
2025-10-24 17:24:39,507 - api_logger - INFO - Đánh giá phát âm từ 'communication' thành công. Điểm: 91.67
2025-10-24 17:33:09,847 - api_logger - INFO - Đánh giá phát âm từ 'beautiful' thành công. Điểm: 28.57
2025-10-24 17:33:09,847 - api_logger - INFO - Đánh giá phát âm từ 'beautiful' thành công. Điểm: 28.57
2025-10-24 17:44:03,975 - api_logger - INFO - Đánh giá phát âm từ 'Worcestershire' thành công. Điểm: 14.29
2025-10-24 17:44:03,975 - api_logger - INFO - Đánh giá phát âm từ 'Worcestershire' thành công. Điểm: 14.29
2025-10-24 17:44:27,225 - api_logger - INFO - Đánh giá phát âm từ 'Worcestershire' thành công. Điểm: 42.86
2025-10-24 17:44:27,225 - api_logger - INFO - Đánh giá phát âm từ 'Worcestershire' thành công. Điểm: 42.86
2025-10-26 16:48:31,035 - api_logger - INFO - --- Ứng dụng FastAPI bắt đầu khởi động ---
2025-10-26 16:48:31,036 - api_logger - INFO - Đã thiết lập thư viện espeak-ng thành công tại: C:\Program Files\eSpeak NG\libespeak-ng.dll
2025-10-26 16:48:49,918 - api_logger - INFO - --- Ứng dụng FastAPI bắt đầu khởi động ---
2025-10-26 16:48:49,918 - api_logger - INFO - Đã thiết lập thư viện espeak-ng thành công tại: C:\Program Files\eSpeak NG\libespeak-ng.dll
2025-10-26 16:49:00,938 - api_logger - INFO - --- Ứng dụng FastAPI bắt đầu khởi động ---
2025-10-26 16:49:00,938 - api_logger - INFO - --- Ứng dụng FastAPI bắt đầu khởi động ---
2025-10-26 16:49:00,939 - api_logger - INFO - Đã thiết lập thư viện espeak-ng thành công tại: C:\Program Files\eSpeak NG\libespeak-ng.dll
2025-10-26 16:49:00,939 - api_logger - INFO - Đã thiết lập thư viện espeak-ng thành công tại: C:\Program Files\eSpeak NG\libespeak-ng.dll
2025-10-26 16:49:12,264 - api_logger - INFO - Bắt đầu quá trình warmup...
2025-10-26 16:49:12,264 - api_logger - INFO - Bắt đầu quá trình warmup...
2025-10-26 16:49:25,185 - api_logger - INFO - Warmup thành công.
2025-10-26 16:49:25,185 - api_logger - INFO - Warmup thành công.
2025-10-26 16:49:51,375 - api_logger - INFO - [87f3f3eb] Received request for: 'hello nice to meet you'
2025-10-26 16:49:51,375 - api_logger - INFO - [87f3f3eb] Received request for: 'hello nice to meet you'
2025-10-26 16:50:01,555 - api_logger - INFO - [87f3f3eb] Whisper transcribed in 10179.7 ms
2025-10-26 16:50:01,555 - api_logger - INFO - [87f3f3eb] Whisper transcribed in 10179.7 ms
2025-10-26 16:50:01,933 - api_logger - INFO - [87f3f3eb] Pronunciation evaluated in 3.5 ms
2025-10-26 16:50:01,933 - api_logger - INFO - [87f3f3eb] Pronunciation evaluated in 3.5 ms
2025-10-26 16:50:01,934 - api_logger - INFO - [87f3f3eb] Request processed successfully.
2025-10-26 16:50:01,934 - api_logger - INFO - [87f3f3eb] Request processed successfully.
2025-10-26 16:50:49,684 - api_logger - INFO - [b2a1edd8] Received request for: 'hello nice to meet you'
2025-10-26 16:50:49,684 - api_logger - INFO - [b2a1edd8] Received request for: 'hello nice to meet you'
2025-10-26 16:50:55,335 - api_logger - INFO - [b2a1edd8] Whisper transcribed in 5650.4 ms
2025-10-26 16:50:55,335 - api_logger - INFO - [b2a1edd8] Whisper transcribed in 5650.4 ms
2025-10-26 16:50:55,736 - api_logger - INFO - [b2a1edd8] Pronunciation evaluated in 2.2 ms
2025-10-26 16:50:55,736 - api_logger - INFO - [b2a1edd8] Pronunciation evaluated in 2.2 ms
2025-10-26 16:50:55,736 - api_logger - INFO - [b2a1edd8] Request processed successfully.
2025-10-26 16:50:55,736 - api_logger - INFO - [b2a1edd8] Request processed successfully.
2025-10-27 18:45:50,610 - api_logger - INFO - --- Ứng dụng FastAPI bắt đầu khởi động ---
2025-10-27 18:45:50,610 - api_logger - INFO - Đã thiết lập thư viện espeak-ng thành công tại: C:\Program Files\eSpeak NG\libespeak-ng.dll
2025-10-27 18:46:15,957 - api_logger - INFO - --- Ứng dụng FastAPI bắt đầu khởi động ---
2025-10-27 18:46:15,957 - api_logger - INFO - Đã thiết lập thư viện espeak-ng thành công tại: C:\Program Files\eSpeak NG\libespeak-ng.dll
2025-10-27 18:46:30,249 - api_logger - INFO - --- Ứng dụng FastAPI bắt đầu khởi động ---
2025-10-27 18:46:30,249 - api_logger - INFO - --- Ứng dụng FastAPI bắt đầu khởi động ---
2025-10-27 18:46:30,250 - api_logger - INFO - Đã thiết lập thư viện espeak-ng thành công tại: C:\Program Files\eSpeak NG\libespeak-ng.dll
2025-10-27 18:46:30,250 - api_logger - INFO - Đã thiết lập thư viện espeak-ng thành công tại: C:\Program Files\eSpeak NG\libespeak-ng.dll
2025-10-27 18:46:39,716 - api_logger - INFO - Bắt đầu quá trình warmup...
2025-10-27 18:46:39,716 - api_logger - INFO - Bắt đầu quá trình warmup...
2025-10-27 18:46:56,791 - api_logger - INFO - Warmup thành công.
2025-10-27 18:46:56,791 - api_logger - INFO - Warmup thành công.
2025-10-27 18:48:12,271 - api_logger - INFO - Đánh giá phát âm từ 'ENGLISH' thành công. Điểm: 16.67
2025-10-27 18:48:12,271 - api_logger - INFO - Đánh giá phát âm từ 'ENGLISH' thành công. Điểm: 16.67
2025-10-27 18:48:27,256 - api_logger - INFO - Đánh giá phát âm từ 'ENGLISH' thành công. Điểm: 16.67
2025-10-27 18:48:27,256 - api_logger - INFO - Đánh giá phát âm từ 'ENGLISH' thành công. Điểm: 16.67
2025-10-27 18:48:38,187 - api_logger - INFO - Đánh giá phát âm từ 'ENGLISH' thành công. Điểm: 0.0
2025-10-27 18:48:38,187 - api_logger - INFO - Đánh giá phát âm từ 'ENGLISH' thành công. Điểm: 0.0
2025-10-27 18:48:53,999 - api_logger - INFO - Đánh giá phát âm từ 'ENGLISH' thành công. Điểm: 33.33
2025-10-27 18:48:53,999 - api_logger - INFO - Đánh giá phát âm từ 'ENGLISH' thành công. Điểm: 33.33
2025-10-27 18:49:26,633 - api_logger - INFO - Đánh giá phát âm từ 'ENGLISH' thành công. Điểm: 50.0
2025-10-27 18:49:26,633 - api_logger - INFO - Đánh giá phát âm từ 'ENGLISH' thành công. Điểm: 50.0
2025-10-27 18:51:15,560 - api_logger - INFO - Đánh giá phát âm từ 'communication' thành công. Điểm: 100.0
2025-10-27 18:51:15,560 - api_logger - INFO - Đánh giá phát âm từ 'communication' thành công. Điểm: 100.0
2025-10-27 18:51:34,361 - api_logger - INFO - Đánh giá phát âm từ 'pronunciation' thành công. Điểm: 75.0
2025-10-27 18:51:34,361 - api_logger - INFO - Đánh giá phát âm từ 'pronunciation' thành công. Điểm: 75.0
2025-10-27 18:51:44,310 - api_logger - INFO - Đánh giá phát âm từ 'pronunciation' thành công. Điểm: 25.0
2025-10-27 18:51:44,310 - api_logger - INFO - Đánh giá phát âm từ 'pronunciation' thành công. Điểm: 25.0
2025-10-27 18:51:57,977 - api_logger - INFO - Đánh giá phát âm từ 'pronunciation' thành công. Điểm: 75.0
2025-10-27 18:51:57,977 - api_logger - INFO - Đánh giá phát âm từ 'pronunciation' thành công. Điểm: 75.0
2025-10-27 18:52:44,438 - api_logger - INFO - Đánh giá phát âm từ 'understand' thành công. Điểm: 88.89
2025-10-27 18:52:44,438 - api_logger - INFO - Đánh giá phát âm từ 'understand' thành công. Điểm: 88.89
2025-10-27 18:52:56,929 - api_logger - INFO - Đánh giá phát âm từ 'understand' thành công. Điểm: 100.0
2025-10-27 18:52:56,929 - api_logger - INFO - Đánh giá phát âm từ 'understand' thành công. Điểm: 100.0
2025-10-27 18:53:41,621 - api_logger - INFO - Đánh giá phát âm từ 'hello' thành công. Điểm: 100.0
2025-10-27 18:53:41,621 - api_logger - INFO - Đánh giá phát âm từ 'hello' thành công. Điểm: 100.0
2025-10-28 00:11:14,920 - api_logger - INFO - --- Ứng dụng FastAPI bắt đầu khởi động ---
2025-10-28 00:11:14,921 - api_logger - INFO - Đã thiết lập thư viện espeak-ng thành công tại: C:\Program Files\eSpeak NG\libespeak-ng.dll
2025-10-28 00:11:35,816 - api_logger - INFO - --- Ứng dụng FastAPI bắt đầu khởi động ---
2025-10-28 00:11:35,816 - api_logger - INFO - Đã thiết lập thư viện espeak-ng thành công tại: C:\Program Files\eSpeak NG\libespeak-ng.dll
2025-10-28 00:11:44,029 - api_logger - INFO - --- Ứng dụng FastAPI bắt đầu khởi động ---
2025-10-28 00:11:44,029 - api_logger - INFO - --- Ứng dụng FastAPI bắt đầu khởi động ---
2025-10-28 00:11:44,029 - api_logger - INFO - Đã thiết lập thư viện espeak-ng thành công tại: C:\Program Files\eSpeak NG\libespeak-ng.dll
2025-10-28 00:11:44,029 - api_logger - INFO - Đã thiết lập thư viện espeak-ng thành công tại: C:\Program Files\eSpeak NG\libespeak-ng.dll
2025-10-28 00:11:51,639 - api_logger - INFO - Bắt đầu quá trình warmup...
2025-10-28 00:11:51,639 - api_logger - INFO - Bắt đầu quá trình warmup...
2025-10-28 00:12:06,011 - api_logger - INFO - Warmup thành công.
2025-10-28 00:12:06,011 - api_logger - INFO - Warmup thành công.
2025-10-28 01:08:48,701 - api_logger - INFO - --- Ứng dụng FastAPI bắt đầu khởi động ---
2025-10-28 01:08:48,701 - api_logger - INFO - Đã thiết lập thư viện espeak-ng thành công tại: C:\Program Files\eSpeak NG\libespeak-ng.dll
2025-10-28 01:09:09,705 - api_logger - INFO - --- Ứng dụng FastAPI bắt đầu khởi động ---
2025-10-28 01:09:09,705 - api_logger - INFO - Đã thiết lập thư viện espeak-ng thành công tại: C:\Program Files\eSpeak NG\libespeak-ng.dll
2025-10-28 01:09:20,240 - api_logger - INFO - --- Ứng dụng FastAPI bắt đầu khởi động ---
2025-10-28 01:09:20,240 - api_logger - INFO - --- Ứng dụng FastAPI bắt đầu khởi động ---
2025-10-28 01:09:20,241 - api_logger - INFO - Đã thiết lập thư viện espeak-ng thành công tại: C:\Program Files\eSpeak NG\libespeak-ng.dll
2025-10-28 01:09:20,241 - api_logger - INFO - Đã thiết lập thư viện espeak-ng thành công tại: C:\Program Files\eSpeak NG\libespeak-ng.dll
2025-10-28 01:09:28,197 - api_logger - INFO - Bắt đầu quá trình warmup...
2025-10-28 01:09:28,197 - api_logger - INFO - Bắt đầu quá trình warmup...
2025-10-28 01:09:48,231 - api_logger - INFO - Warmup thành công.
2025-10-28 01:09:48,231 - api_logger - INFO - Warmup thành công.
2025-10-28 01:20:47,386 - api_logger - INFO - Đánh giá phát âm từ 'TO' thành công. Điểm: 0.0
2025-10-28 01:20:47,386 - api_logger - INFO - Đánh giá phát âm từ 'TO' thành công. Điểm: 0.0
2025-10-28 01:21:04,259 - api_logger - INFO - Đánh giá phát âm từ 'TO' thành công. Điểm: 33.33
2025-10-28 01:21:04,259 - api_logger - INFO - Đánh giá phát âm từ 'TO' thành công. Điểm: 33.33
2025-10-28 01:21:14,132 - api_logger - INFO - Đánh giá phát âm từ 'TO' thành công. Điểm: 0.0
2025-10-28 01:21:14,132 - api_logger - INFO - Đánh giá phát âm từ 'TO' thành công. Điểm: 0.0
2025-10-28 01:21:22,723 - api_logger - INFO - Đánh giá phát âm từ 'TO' thành công. Điểm: 33.33
2025-10-28 01:21:22,723 - api_logger - INFO - Đánh giá phát âm từ 'TO' thành công. Điểm: 33.33
2025-10-28 01:21:39,115 - api_logger - INFO - Đánh giá phát âm từ 'TO' thành công. Điểm: 0.0
2025-10-28 01:21:39,115 - api_logger - INFO - Đánh giá phát âm từ 'TO' thành công. Điểm: 0.0
2025-10-28 01:21:50,612 - api_logger - INFO - Đánh giá phát âm từ 'TO' thành công. Điểm: 33.33
2025-10-28 01:21:50,612 - api_logger - INFO - Đánh giá phát âm từ 'TO' thành công. Điểm: 33.33
2025-10-28 01:22:16,021 - api_logger - INFO - Đánh giá phát âm từ 'communication' thành công. Điểm: 100.0
2025-10-28 01:22:16,021 - api_logger - INFO - Đánh giá phát âm từ 'communication' thành công. Điểm: 100.0
2025-10-28 01:23:16,410 - api_logger - INFO - Đánh giá phát âm từ 'PRACTICE' thành công. Điểm: 57.14
2025-10-28 01:23:16,410 - api_logger - INFO - Đánh giá phát âm từ 'PRACTICE' thành công. Điểm: 57.14
2025-10-28 01:23:28,570 - api_logger - INFO - Đánh giá phát âm từ 'PRACTICE' thành công. Điểm: 71.43
2025-10-28 01:23:28,570 - api_logger - INFO - Đánh giá phát âm từ 'PRACTICE' thành công. Điểm: 71.43
